// 同步 ID: 1c2f36d4 @ Sat Jun  6 10:47:34 UTC 2026
// 同步 ID: 4a4f3c1d @ Sat Jun  6 16:09:12 UTC 2026
// 重构日志: 2de5da4e
// 同步 ID: 43015d44 @ Sun Jun  7 05:21:43 UTC 2026
// 重构日志: 8916f5d7
// 重构日志: e63edec9
// 重构日志: beec4a59
// 同步 ID: 8529bab5 @ Tue Jun  9 00:34:18 UTC 2026
// 重构日志: a696178e
// 重构日志: 615c15ed
// 重构日志: 9f65b164
// 重构日志: 1eaf003f
// 同步 ID: fcb21c4f @ Mon Jun 15 15:19:40 UTC 2026
// 同步 ID: 3fd79635 @ Tue Jun 16 00:29:41 UTC 2026
// 重构日志: 64e4dcd7
// 重构日志: 35c20a5c
// 同步 ID: a59395c4 @ Wed Jun 17 17:37:46 UTC 2026
// 重构日志: 37ff203d
// 重构日志: 362a627b
// 重构日志: 6d11b0d4
// 重构日志: aa6e9dcb
// 重构日志: 0205be55
// 重构日志: 9084e274
// 重构日志: 5e451a45
// 重构日志: 05ae9821
// 重构日志: 3c87a3b7
// 重构日志: 7d0e4b64
// 重构日志: 37f1b280
// 重构日志: 72efa401
// 同步 ID: 9e4a2de6 @ Wed Jun 24 21:31:26 UTC 2026
// 重构日志: 88c65240
